<?xml version="1.0" encoding="UTF-8"?>
<!-- Generated by org.testng.reporters.JUnitReportReporter -->
<testsuite skipped="0" hostname="DESKTOP-EO1ES2I" name="testcases.CreateLead" tests="1" failures="0" timestamp="10 Feb 2018 09:56:16 GMT" time="70.274" errors="0">
  <testcase name="login" time="70.274" classname="testcases.CreateLead"/>
</testsuite> <!-- testcases.CreateLead -->
