<?xml version="1.0" encoding="UTF-8"?>
<!-- Generated by org.testng.reporters.JUnitReportReporter -->
<testsuite skipped="0" hostname="DESKTOP-EO1ES2I" name="testngimp.Duplicatelead" tests="1" failures="0" timestamp="04 Feb 2018 06:08:26 GMT" time="42.465" errors="0">
  <testcase name="login" time="42.465" classname="testngimp.Duplicatelead"/>
</testsuite> <!-- testngimp.Duplicatelead -->
