<?xml version="1.0" encoding="UTF-8"?>
<!-- Generated by org.testng.reporters.JUnitReportReporter -->
<testsuite skipped="0" hostname="DESKTOP-EO1ES2I" name="testcases.EditLead" tests="1" failures="0" timestamp="10 Feb 2018 09:56:16 GMT" time="70.885" errors="0">
  <testcase name="Edit" time="70.885" classname="testcases.EditLead"/>
</testsuite> <!-- testcases.EditLead -->
