<?xml version="1.0" encoding="UTF-8"?>
<!-- Generated by org.testng.reporters.JUnitReportReporter -->
<testsuite skipped="0" hostname="DESKTOP-EO1ES2I" name="testngimp.Deletelead" tests="1" failures="0" timestamp="04 Feb 2018 06:08:26 GMT" time="44.733" errors="0">
  <testcase name="Deletelead1" time="44.733" classname="testngimp.Deletelead"/>
</testsuite> <!-- testngimp.Deletelead -->
