<?xml version="1.0" encoding="UTF-8"?>
<!-- Generated by org.testng.reporters.JUnitReportReporter -->
<testsuite skipped="0" hostname="DESKTOP-EO1ES2I" name="dataprovider.CreateLead" tests="2" failures="0" timestamp="10 Feb 2018 13:00:33 GMT" time="92.496" errors="0">
  <testcase name="login" time="51.654" classname="dataprovider.CreateLead"/>
  <testcase name="login" time="40.842" classname="dataprovider.CreateLead"/>
</testsuite> <!-- dataprovider.CreateLead -->
