<?xml version="1.0" encoding="UTF-8"?>
<!-- Generated by org.testng.reporters.JUnitReportReporter -->
<testsuite skipped="0" hostname="DESKTOP-EO1ES2I" name="dataprovider.Reportcreation" tests="1" failures="0" timestamp="10 Feb 2018 06:58:44 GMT" time="1.526" errors="0">
  <testcase name="extentReport" time="1.526" classname="dataprovider.Reportcreation"/>
</testsuite> <!-- dataprovider.Reportcreation -->
