<?xml version="1.0" encoding="UTF-8"?>
<!-- Generated by org.testng.reporters.JUnitReportReporter -->
<testsuite skipped="0" hostname="DESKTOP-EO1ES2I" name="testcases.Deletelead" tests="1" failures="0" timestamp="10 Feb 2018 09:56:16 GMT" time="38.287" errors="0">
  <testcase name="Deletelead1" time="38.287" classname="testcases.Deletelead"/>
</testsuite> <!-- testcases.Deletelead -->
